11:55:39 **** Incremental Build of configuration Default for project blink ****
make all 
including /home/lane/esp/esp-idf/components/bootloader/Makefile.projbuild...
including /home/lane/esp/esp-idf/components/bootloader_support/Makefile.projbuild...
including /home/lane/esp/esp-idf/components/coap/Makefile.projbuild...
including /home/lane/esp/esp-idf/components/esp32/Makefile.projbuild...
including /home/lane/esp/esp-idf/components/esptool_py/Makefile.projbuild...
including /home/lane/esp/esp-idf/components/mbedtls/Makefile.projbuild...
including /home/lane/esp/esp-idf/components/nghttp/Makefile.projbuild...
including /home/lane/esp/esp-idf/components/partition_table/Makefile.projbuild...
make -C /home/lane/esp/esp-idf/components/bootloader/src V=1 BUILD_DIR_BASE=/home/lane/esp/esp-idf/examples/get-started/blink/build/bootloader TEST_COMPONENTS= /home/lane/esp/esp-idf/examples/get-started/blink/build/bootloader/bootloader.bin
make[1]: Entering directory '/home/lane/esp/esp-idf/components/bootloader/src'
including /home/lane/esp/esp-idf/components/esptool_py/Makefile.projbuild...
including /home/lane/esp/esp-idf/components/bootloader/Makefile.projbuild...
including /home/lane/esp/esp-idf/components/bootloader_support/Makefile.projbuild...
make -C /home/lane/esp/esp-idf/examples/get-started/blink/build/bootloader/bootloader_support -f /home/lane/esp/esp-idf/make/component_wrapper.mk COMPONENT_MAKEFILE=/home/lane/esp/esp-idf/components/bootloader_support/component.mk COMPONENT_NAME=bootloader_support build
make[2]: Entering directory '/home/lane/esp/esp-idf/examples/get-started/blink/build/bootloader/bootloader_support'
xtensa-esp32-elf-gcc -std=gnu99 -Og -ggdb -ffunction-sections -fdata-sections -fstrict-volatile-bitfields -mlongcalls -nostdlib -Wall -Werror=all -Wno-error=unused-function -Wno-error=unused-but-set-variable -Wno-error=unused-variable -Wno-error=deprecated-declarations -Wextra -Wno-unused-parameter -Wno-sign-compare -Wno-old-style-declaration -std=gnu99 -Og -ggdb -ffunction-sections -fdata-sections -fstrict-volatile-bitfields -mlongcalls -nostdlib -Wall -Werror=all -Wno-error=unused-function -Wno-error=unused-but-set-variable -Wno-error=unused-variable -Wno-error=deprecated-declarations -Wextra -Wno-unused-parameter -Wno-sign-compare -Wno-old-style-declaration -DWITH_POSIX -DMBEDTLS_CONFIG_FILE='"mbedtls/esp_config.h"' -DHAVE_CONFIG_H -I/home/lane/esp/esp-idf/examples/get-started/blink/build/bootloader/../include -D BOOTLOADER_BUILD=1 -I /home/lane/esp/esp-idf/components/esp32/include -DESP_PLATFORM -D IDF_VER=\"v2.0-rc1\" -MMD -MP -DESP_PLATFORM -D IDF_VER=\"v2.0-rc1\" -MMD -MP    -I /home/lane/esp/esp-idf/components/bootloader_support/include -I /home/lane/esp/esp-idf/components/bootloader_support/include_priv -I /home/lane/esp/esp-idf/components/bootloader_support/include_priv -I /home/lane/esp/esp-idf/components/log/include -I /home/lane/esp/esp-idf/components/spi_flash/include -I /home/lane/esp/esp-idf/components/micro-ecc/micro-ecc -I /home/lane/esp/esp-idf/components/bootloader/src/main/include -I /home/lane/esp/esp-idf/examples/get-started/blink/build/bootloader/include  -Isrc -c /home/lane/esp/esp-idf/components/bootloader_support/src/efuse.c -o src/efuse.o
/home/lane/esp/esp-idf/components/bootloader_support/src/efuse.c:47:1: fatal error: opening dependency file src/efuse.d: Permission denied
 }
 ^
compilation terminated.
/home/lane/esp/esp-idf/make/component_wrapper.mk:176: recipe for target 'src/efuse.o' failed
make[2]: Leaving directory '/home/lane/esp/esp-idf/examples/get-started/blink/build/bootloader/bootloader_support'
make[2]: *** [src/efuse.o] Error 1
make[1]: *** [bootloader_support-build] Error 2
make: *** [/home/lane/esp/esp-idf/examples/get-started/blink/build/bootloader/bootloader.bin] Error 2
/home/lane/esp/esp-idf/make/project.mk:382: recipe for target 'bootloader_support-build' failed
make[1]: Leaving directory '/home/lane/esp/esp-idf/components/bootloader/src'
/home/lane/esp/esp-idf/components/bootloader/Makefile.projbuild:31: recipe for target '/home/lane/esp/esp-idf/examples/get-started/blink/build/bootloader/bootloader.bin' failed

11:55:40 Build Finished (took 991ms)

